### Starting TaskPrologue of job 3064229 on a0901 at Do 2. Okt 16:02:58 CEST 2025
Running on cores 48-63 with governor ondemand
Thu Oct  2 16:02:58 2025       
+-----------------------------------------------------------------------------------------+
| NVIDIA-SMI 580.82.07              Driver Version: 580.82.07      CUDA Version: 13.0     |
+-----------------------------------------+------------------------+----------------------+
| GPU  Name                 Persistence-M | Bus-Id          Disp.A | Volatile Uncorr. ECC |
| Fan  Temp   Perf          Pwr:Usage/Cap |           Memory-Usage | GPU-Util  Compute M. |
|                                         |                        |               MIG M. |
|=========================================+========================+======================|
|   0  NVIDIA A100-SXM4-40GB          On  |   00000000:4F:00.0 Off |                    0 |
| N/A   41C    P0             58W /  400W |       0MiB /  40960MiB |      0%      Default |
|                                         |                        |             Disabled |
+-----------------------------------------+------------------------+----------------------+

+-----------------------------------------------------------------------------------------+
| Processes:                                                                              |
|  GPU   GI   CI              PID   Type   Process name                        GPU Memory |
|        ID   ID                                                               Usage      |
|=========================================================================================|
|  No running processes found                                                             |
+-----------------------------------------------------------------------------------------+
### Finished TaskPrologue

Job started at Do 2. Okt 16:02:58 CEST 2025
Python 3.10.18
Thu Oct  2 16:03:11 2025       
+-----------------------------------------------------------------------------------------+
| NVIDIA-SMI 580.82.07              Driver Version: 580.82.07      CUDA Version: 13.0     |
+-----------------------------------------+------------------------+----------------------+
| GPU  Name                 Persistence-M | Bus-Id          Disp.A | Volatile Uncorr. ECC |
| Fan  Temp   Perf          Pwr:Usage/Cap |           Memory-Usage | GPU-Util  Compute M. |
|                                         |                        |               MIG M. |
|=========================================+========================+======================|
|   0  NVIDIA A100-SXM4-40GB          On  |   00000000:4F:00.0 Off |                    0 |
| N/A   41C    P0             58W /  400W |       0MiB /  40960MiB |      0%      Default |
|                                         |                        |             Disabled |
+-----------------------------------------+------------------------+----------------------+

+-----------------------------------------------------------------------------------------+
| Processes:                                                                              |
|  GPU   GI   CI              PID   Type   Process name                        GPU Memory |
|        ID   ID                                                               Usage      |
|=========================================================================================|
|  No running processes found                                                             |
+-----------------------------------------------------------------------------------------+
/home/vault/v100dd/v100dd26/miniconda3/envs/shapecanon/bin/git-lfs
warning: current user is not root/admin, system install is likely to fail.
warning: error running /usr/libexec/git-core/git 'config' '--includes' '--system' '--replace-all' 'filter.lfs.clean' 'git-lfs clean -- %f': 'error: could not lock config file /etc/gitconfig: Permission denied' 'exit status 255'
Run `git lfs install --force` to reset Git configuration.
Running: python src/pipeline/mesh_pipeline_full.py --config src/pipeline/config/pipeline_full.yaml
=== Per-category flow over categories: ['cat', 'chicken_(animal)', 'monkey'] ===
===== CATEGORY: cat =====
Pipeline runtime: 2 seconds
Job finished at Do 2. Okt 16:03:14 CEST 2025
Total job runtime: 16 seconds
=== JOB_STATISTICS ===
=== current date     : Thu Oct  2 16:03:14 CEST 2025
= Job-ID             : 3064229 on alex
= Job-Name           : dataset-pipeline
= Job-Command        : /home/hpc/v100dd/v100dd26/scripts/dataset_pipeline_full.sh
= Initial workdir    : /home/hpc/v100dd/v100dd26/project/Dataset_pipeline
= Queue/Partition    : a100
= Slurm account      : v100dd with QOS=normal
= Features           : a100_40
= Requested resources:  for 1-00:00:00
= Elapsed runtime    : 00:00:18
= Total RAM usage    : 0.1 GiB of assigned  GiB (%)
= Node list          : a0901
= Subm/Elig/Start/End: 2025-10-02T16:02:51 / 2025-10-02T16:02:51 / 2025-10-02T16:02:56 / 2025-10-02T16:03:14
======================
=== Quota infos ======
    Path              Used     SoftQ    HardQ    Gracetime  Filec    FileQ    FiHaQ    FileGrace    
    /home/hpc           37.2G   104.9G   209.7G        N/A  37,168      500K   1,000K        N/A    
    /home/vault         63.6G  1048.6G  2097.2G        N/A     193K     200K     400K        N/A    
    atuin.rrze.uni-erlangen.de:/srv/home     0.0K     0.0K     0.0K        N/A       1                           N/A    
======================
=== GPU utilization ==
gpu_name, gpu_bus_id, pid, gpu_utilization [%], mem_utilization [%], max_memory_usage [MiB], time [ms]
