### Starting TaskPrologue of job 3036543 on a0325 at Di 30. Sep 20:59:10 CEST 2025
Running on cores 112-127 with governor ondemand
Tue Sep 30 20:59:10 2025       
+-----------------------------------------------------------------------------------------+
| NVIDIA-SMI 580.82.07              Driver Version: 580.82.07      CUDA Version: 13.0     |
+-----------------------------------------+------------------------+----------------------+
| GPU  Name                 Persistence-M | Bus-Id          Disp.A | Volatile Uncorr. ECC |
| Fan  Temp   Perf          Pwr:Usage/Cap |           Memory-Usage | GPU-Util  Compute M. |
|                                         |                        |               MIG M. |
|=========================================+========================+======================|
|   0  NVIDIA A40                     On  |   00000000:E1:00.0 Off |                  Off |
|  0%   33C    P8             22W /  300W |       0MiB /  49140MiB |      0%      Default |
|                                         |                        |                  N/A |
+-----------------------------------------+------------------------+----------------------+

+-----------------------------------------------------------------------------------------+
| Processes:                                                                              |
|  GPU   GI   CI              PID   Type   Process name                        GPU Memory |
|        ID   ID                                                               Usage      |
|=========================================================================================|
|  No running processes found                                                             |
+-----------------------------------------------------------------------------------------+
### Finished TaskPrologue

Job started at Di 30. Sep 20:59:10 CEST 2025
Python 3.10.18
Tue Sep 30 20:59:17 2025       
+-----------------------------------------------------------------------------------------+
| NVIDIA-SMI 580.82.07              Driver Version: 580.82.07      CUDA Version: 13.0     |
+-----------------------------------------+------------------------+----------------------+
| GPU  Name                 Persistence-M | Bus-Id          Disp.A | Volatile Uncorr. ECC |
| Fan  Temp   Perf          Pwr:Usage/Cap |           Memory-Usage | GPU-Util  Compute M. |
|                                         |                        |               MIG M. |
|=========================================+========================+======================|
|   0  NVIDIA A40                     On  |   00000000:E1:00.0 Off |                  Off |
|  0%   34C    P8             25W /  300W |       0MiB /  49140MiB |      0%      Default |
|                                         |                        |                  N/A |
+-----------------------------------------+------------------------+----------------------+

+-----------------------------------------------------------------------------------------+
| Processes:                                                                              |
|  GPU   GI   CI              PID   Type   Process name                        GPU Memory |
|        ID   ID                                                               Usage      |
|=========================================================================================|
|  No running processes found                                                             |
+-----------------------------------------------------------------------------------------+
Running: python src/pipeline/mesh_pipeline_full.py --config src/pipeline/config/pipeline_full.yaml
=== Per-category flow over categories: ['cat', 'chicken_(animal)', 'monkey'] ===
===== CATEGORY: cat =====
[OXL-PER-CAT] Processing category: cat
[OXL-PER-CAT] Label json: /home/vault/v100dd/v100dd26/Dataset/core_data/labeled_rotations/cat/final_shape_rotations.json
[OXL-PER-CAT] SHA index CSV: /home/vault/v100dd/v100dd26/Dataset/core_data/metadata.csv
[OXL-PER-CAT] Found 143 SHAs for category 'cat'
[OXL-PER-CAT] 143 entries to download
[OXL-PER-CAT] Downloading 143 objects to staging...
Pipeline runtime: 42 seconds
Job finished at Di 30. Sep 21:00:00 CEST 2025
Total job runtime: 50 seconds
=== JOB_STATISTICS ===
=== current date     : Tue Sep 30 21:00:02 CEST 2025
= Job-ID             : 3036543 on alex
= Job-Name           : dataset-pipeline
= Job-Command        : /home/hpc/v100dd/v100dd26/scripts/dataset_pipeline_full.sh
= Initial workdir    : /home/hpc/v100dd/v100dd26/project/Dataset_pipeline
= Queue/Partition    : a40
= Slurm account      : v100dd with QOS=normal
= Requested resources:  for 1-00:00:00
= Elapsed runtime    : 00:01:10
= Total RAM usage    : 15.2 GiB of assigned  GiB (%)
= Node list          : a0325
= Subm/Elig/Start/End: 2025-09-30T20:58:25 / 2025-09-30T20:58:25 / 2025-09-30T20:58:51 / 2025-09-30T21:00:01
======================
=== Quota infos ======
    Path              Used     SoftQ    HardQ    Gracetime  Filec    FileQ    FiHaQ    FileGrace    
    /home/hpc           37.1G   104.9G   209.7G        N/A  36,981      500K   1,000K        N/A    
    /home/vault        313.4G  1048.6G  2097.2G        N/A     192K     200K     400K        N/A    
    atuin.rrze.uni-erlangen.de:/srv/home     0.0K     0.0K     0.0K        N/A       1                           N/A    
======================
=== GPU utilization ==
gpu_name, gpu_bus_id, pid, gpu_utilization [%], mem_utilization [%], max_memory_usage [MiB], time [ms]
